1657806528.952180 client started (72009): version 3.2a, socket /private/tmp/tmux-501/default, protocol 8
1657806528.952234 on Darwin 21.4.0 Darwin Kernel Version 21.4.0: Fri Mar 18 00:45:05 PDT 2022; root:xnu-8020.101.4~15/RELEASE_X86_64
1657806528.952256 using libevent 2.1.12-stable (select); utf8proc 2.6.1; ncurses 6.2
1657806528.952285 flags are 0x10010000
1657806528.952296 socket is /private/tmp/tmux-501/default
1657806528.952311 trying connect
1657806528.952391 add peer 0x7fdbd0048000: 6 (0x0)
1657806528.958213 sending message 100 to peer 0x7fdbd0048000 (4 bytes)
1657806528.958243 sending message 111 to peer 0x7fdbd0048000 (8 bytes)
1657806528.958255 sending message 101 to peer 0x7fdbd0048000 (7 bytes)
1657806528.958265 sending message 109 to peer 0x7fdbd0048000 (4 bytes)
1657806528.958274 sending message 102 to peer 0x7fdbd0048000 (13 bytes)
1657806528.958283 sending message 108 to peer 0x7fdbd0048000 (54 bytes)
1657806528.958292 sending message 112 to peer 0x7fdbd0048000 (70 bytes)
1657806528.958301 sending message 112 to peer 0x7fdbd0048000 (5 bytes)
1657806528.958309 sending message 112 to peer 0x7fdbd0048000 (5 bytes)
1657806528.958318 sending message 112 to peer 0x7fdbd0048000 (6 bytes)
1657806528.958326 sending message 112 to peer 0x7fdbd0048000 (6 bytes)
1657806528.958335 sending message 112 to peer 0x7fdbd0048000 (11 bytes)
1657806528.958343 sending message 112 to peer 0x7fdbd0048000 (10 bytes)
1657806528.958352 sending message 112 to peer 0x7fdbd0048000 (13 bytes)
1657806528.958360 sending message 112 to peer 0x7fdbd0048000 (13 bytes)
1657806528.958369 sending message 112 to peer 0x7fdbd0048000 (18 bytes)
1657806528.958377 sending message 112 to peer 0x7fdbd0048000 (9 bytes)
1657806528.958386 sending message 112 to peer 0x7fdbd0048000 (21 bytes)
1657806528.958394 sending message 112 to peer 0x7fdbd0048000 (13 bytes)
1657806528.958403 sending message 112 to peer 0x7fdbd0048000 (7 bytes)
1657806528.958411 sending message 112 to peer 0x7fdbd0048000 (13 bytes)
1657806528.958420 sending message 112 to peer 0x7fdbd0048000 (7 bytes)
1657806528.958428 sending message 112 to peer 0x7fdbd0048000 (13 bytes)
1657806528.958437 sending message 112 to peer 0x7fdbd0048000 (9 bytes)
1657806528.958445 sending message 112 to peer 0x7fdbd0048000 (21 bytes)
1657806528.958453 sending message 112 to peer 0x7fdbd0048000 (13 bytes)
1657806528.958462 sending message 112 to peer 0x7fdbd0048000 (8 bytes)
1657806528.958470 sending message 112 to peer 0x7fdbd0048000 (12 bytes)
1657806528.958479 sending message 112 to peer 0x7fdbd0048000 (13 bytes)
1657806528.958487 sending message 112 to peer 0x7fdbd0048000 (9 bytes)
1657806528.958495 sending message 112 to peer 0x7fdbd0048000 (9 bytes)
1657806528.958504 sending message 112 to peer 0x7fdbd0048000 (12 bytes)
1657806528.958512 sending message 112 to peer 0x7fdbd0048000 (8 bytes)
1657806528.958520 sending message 112 to peer 0x7fdbd0048000 (7 bytes)
1657806528.958529 sending message 112 to peer 0x7fdbd0048000 (7 bytes)
1657806528.958537 sending message 112 to peer 0x7fdbd0048000 (9 bytes)
1657806528.958546 sending message 112 to peer 0x7fdbd0048000 (13 bytes)
1657806528.958554 sending message 112 to peer 0x7fdbd0048000 (9 bytes)
1657806528.958562 sending message 112 to peer 0x7fdbd0048000 (15 bytes)
1657806528.958571 sending message 112 to peer 0x7fdbd0048000 (13 bytes)
1657806528.958579 sending message 112 to peer 0x7fdbd0048000 (12 bytes)
1657806528.958587 sending message 112 to peer 0x7fdbd0048000 (8 bytes)
1657806528.958596 sending message 112 to peer 0x7fdbd0048000 (14 bytes)
1657806528.958604 sending message 112 to peer 0x7fdbd0048000 (9 bytes)
1657806528.958613 sending message 112 to peer 0x7fdbd0048000 (10 bytes)
1657806528.958621 sending message 112 to peer 0x7fdbd0048000 (10 bytes)
1657806528.958629 sending message 112 to peer 0x7fdbd0048000 (10 bytes)
1657806528.958638 sending message 112 to peer 0x7fdbd0048000 (10 bytes)
1657806528.958646 sending message 112 to peer 0x7fdbd0048000 (11 bytes)
1657806528.958655 sending message 112 to peer 0x7fdbd0048000 (10 bytes)
1657806528.958663 sending message 112 to peer 0x7fdbd0048000 (8 bytes)
1657806528.958688 sending message 112 to peer 0x7fdbd0048000 (11 bytes)
1657806528.958694 sending message 112 to peer 0x7fdbd0048000 (11 bytes)
1657806528.958700 sending message 112 to peer 0x7fdbd0048000 (11 bytes)
1657806528.958705 sending message 112 to peer 0x7fdbd0048000 (8 bytes)
1657806528.958711 sending message 112 to peer 0x7fdbd0048000 (8 bytes)
1657806528.958716 sending message 112 to peer 0x7fdbd0048000 (8 bytes)
1657806528.958722 sending message 112 to peer 0x7fdbd0048000 (10 bytes)
1657806528.958727 sending message 112 to peer 0x7fdbd0048000 (10 bytes)
1657806528.958733 sending message 112 to peer 0x7fdbd0048000 (10 bytes)
1657806528.958738 sending message 112 to peer 0x7fdbd0048000 (10 bytes)
1657806528.958744 sending message 112 to peer 0x7fdbd0048000 (10 bytes)
1657806528.958749 sending message 112 to peer 0x7fdbd0048000 (11 bytes)
1657806528.958755 sending message 112 to peer 0x7fdbd0048000 (11 bytes)
1657806528.958763 sending message 112 to peer 0x7fdbd0048000 (10 bytes)
1657806528.958769 sending message 112 to peer 0x7fdbd0048000 (9 bytes)
1657806528.958775 sending message 112 to peer 0x7fdbd0048000 (9 bytes)
1657806528.958781 sending message 112 to peer 0x7fdbd0048000 (12 bytes)
1657806528.958786 sending message 112 to peer 0x7fdbd0048000 (9 bytes)
1657806528.958792 sending message 112 to peer 0x7fdbd0048000 (6 bytes)
1657806528.958797 sending message 112 to peer 0x7fdbd0048000 (8 bytes)
1657806528.958803 sending message 112 to peer 0x7fdbd0048000 (15 bytes)
1657806528.958808 sending message 112 to peer 0x7fdbd0048000 (13 bytes)
1657806528.958813 sending message 112 to peer 0x7fdbd0048000 (16 bytes)
1657806528.958819 sending message 112 to peer 0x7fdbd0048000 (16 bytes)
1657806528.958824 sending message 112 to peer 0x7fdbd0048000 (10 bytes)
1657806528.958830 sending message 112 to peer 0x7fdbd0048000 (8 bytes)
1657806528.958835 sending message 112 to peer 0x7fdbd0048000 (15 bytes)
1657806528.958841 sending message 112 to peer 0x7fdbd0048000 (13 bytes)
1657806528.958847 sending message 112 to peer 0x7fdbd0048000 (10 bytes)
1657806528.958852 sending message 112 to peer 0x7fdbd0048000 (10 bytes)
1657806528.958858 sending message 112 to peer 0x7fdbd0048000 (5 bytes)
1657806528.958863 sending message 112 to peer 0x7fdbd0048000 (15 bytes)
1657806528.958870 sending message 104 to peer 0x7fdbd0048000 (0 bytes)
1657806528.958877 sending message 110 to peer 0x7fdbd0048000 (0 bytes)
1657806528.958883 sending message 107 to peer 0x7fdbd0048000 (4 bytes)
1657806528.958888 sending message 105 to peer 0x7fdbd0048000 (15 bytes)
1657806528.958894 sending message 105 to peer 0x7fdbd0048000 (20 bytes)
1657806528.958900 sending message 105 to peer 0x7fdbd0048000 (22 bytes)
1657806528.958905 sending message 105 to peer 0x7fdbd0048000 (27 bytes)
1657806528.958911 sending message 105 to peer 0x7fdbd0048000 (25 bytes)
1657806528.958916 sending message 105 to peer 0x7fdbd0048000 (22 bytes)
1657806528.958922 sending message 105 to peer 0x7fdbd0048000 (22 bytes)
1657806528.958927 sending message 105 to peer 0x7fdbd0048000 (61 bytes)
1657806528.958933 sending message 105 to peer 0x7fdbd0048000 (17 bytes)
1657806528.958938 sending message 105 to peer 0x7fdbd0048000 (19 bytes)
1657806528.958944 sending message 105 to peer 0x7fdbd0048000 (27 bytes)
1657806528.958949 sending message 105 to peer 0x7fdbd0048000 (18 bytes)
1657806528.958955 sending message 105 to peer 0x7fdbd0048000 (54 bytes)
1657806528.958960 sending message 105 to peer 0x7fdbd0048000 (334 bytes)
1657806528.958966 sending message 105 to peer 0x7fdbd0048000 (58 bytes)
1657806528.958972 sending message 105 to peer 0x7fdbd0048000 (24 bytes)
1657806528.958977 sending message 105 to peer 0x7fdbd0048000 (15 bytes)
1657806528.958983 sending message 105 to peer 0x7fdbd0048000 (8 bytes)
1657806528.958988 sending message 105 to peer 0x7fdbd0048000 (66 bytes)
1657806528.958994 sending message 105 to peer 0x7fdbd0048000 (12 bytes)
1657806528.958999 sending message 105 to peer 0x7fdbd0048000 (18 bytes)
1657806528.959005 sending message 105 to peer 0x7fdbd0048000 (26 bytes)
1657806528.959023 sending message 105 to peer 0x7fdbd0048000 (60 bytes)
1657806528.959029 sending message 105 to peer 0x7fdbd0048000 (57 bytes)
1657806528.959034 sending message 105 to peer 0x7fdbd0048000 (43 bytes)
1657806528.959040 sending message 105 to peer 0x7fdbd0048000 (14 bytes)
1657806528.959045 sending message 105 to peer 0x7fdbd0048000 (57 bytes)
1657806528.959051 sending message 105 to peer 0x7fdbd0048000 (15 bytes)
1657806528.959056 sending message 105 to peer 0x7fdbd0048000 (14 bytes)
1657806528.959062 sending message 105 to peer 0x7fdbd0048000 (19 bytes)
1657806528.959067 sending message 105 to peer 0x7fdbd0048000 (43 bytes)
1657806528.959073 sending message 105 to peer 0x7fdbd0048000 (32 bytes)
1657806528.959078 sending message 105 to peer 0x7fdbd0048000 (61 bytes)
1657806528.959084 sending message 105 to peer 0x7fdbd0048000 (88 bytes)
1657806528.959089 sending message 105 to peer 0x7fdbd0048000 (22 bytes)
1657806528.959095 sending message 106 to peer 0x7fdbd0048000 (0 bytes)
1657806528.959108 sending message 200 to peer 0x7fdbd0048000 (4 bytes)
1657806528.959114 client loop enter
1657806528.959489 peer 0x7fdbd0048000 message 303
1657806528.959505 open write file 2 -
1657806528.959537 sending message 305 to peer 0x7fdbd0048000 (8 bytes)
1657806528.959560 write check file 2
1657806528.959668 peer 0x7fdbd0048000 message 304
1657806528.959690 write 58 to file 2
1657806528.959707 peer 0x7fdbd0048000 message 203
1657806528.959716 file 2 58 bytes left
1657806528.959739 write check file 2
1657806528.959747 client loop exit
