1657806535.038634 client started (72235): version 3.2a, socket /private/tmp/tmux-501/default, protocol 8
1657806535.038683 on Darwin 21.4.0 Darwin Kernel Version 21.4.0: Fri Mar 18 00:45:05 PDT 2022; root:xnu-8020.101.4~15/RELEASE_X86_64
1657806535.038705 using libevent 2.1.12-stable (select); utf8proc 2.6.1; ncurses 6.2
1657806535.038739 flags are 0x18010000
1657806535.038751 socket is /private/tmp/tmux-501/default
1657806535.038765 trying connect
1657806535.038857 add peer 0x7fdb30008000: 6 (0x0)
1657806535.040472 sending message 100 to peer 0x7fdb30008000 (4 bytes)
1657806535.040495 sending message 111 to peer 0x7fdb30008000 (8 bytes)
1657806535.040506 sending message 101 to peer 0x7fdb30008000 (15 bytes)
1657806535.040516 sending message 109 to peer 0x7fdb30008000 (4 bytes)
1657806535.040525 sending message 102 to peer 0x7fdb30008000 (13 bytes)
1657806535.040535 sending message 108 to peer 0x7fdb30008000 (54 bytes)
1657806535.040544 sending message 112 to peer 0x7fdb30008000 (58 bytes)
1657806535.040553 sending message 112 to peer 0x7fdb30008000 (5 bytes)
1657806535.040562 sending message 112 to peer 0x7fdb30008000 (5 bytes)
1657806535.040571 sending message 112 to peer 0x7fdb30008000 (6 bytes)
1657806535.040580 sending message 112 to peer 0x7fdb30008000 (6 bytes)
1657806535.040589 sending message 112 to peer 0x7fdb30008000 (11 bytes)
1657806535.040598 sending message 112 to peer 0x7fdb30008000 (10 bytes)
1657806535.040607 sending message 112 to peer 0x7fdb30008000 (13 bytes)
1657806535.040616 sending message 112 to peer 0x7fdb30008000 (14 bytes)
1657806535.040625 sending message 112 to peer 0x7fdb30008000 (19 bytes)
1657806535.040634 sending message 112 to peer 0x7fdb30008000 (11 bytes)
1657806535.040643 sending message 112 to peer 0x7fdb30008000 (10 bytes)
1657806535.040652 sending message 112 to peer 0x7fdb30008000 (15 bytes)
1657806535.040661 sending message 112 to peer 0x7fdb30008000 (21 bytes)
1657806535.040670 sending message 112 to peer 0x7fdb30008000 (13 bytes)
1657806535.040679 sending message 112 to peer 0x7fdb30008000 (7 bytes)
1657806535.040688 sending message 112 to peer 0x7fdb30008000 (13 bytes)
1657806535.040697 sending message 112 to peer 0x7fdb30008000 (7 bytes)
1657806535.040705 sending message 112 to peer 0x7fdb30008000 (13 bytes)
1657806535.040714 sending message 112 to peer 0x7fdb30008000 (9 bytes)
1657806535.040723 sending message 112 to peer 0x7fdb30008000 (21 bytes)
1657806535.040732 sending message 112 to peer 0x7fdb30008000 (13 bytes)
1657806535.040741 sending message 112 to peer 0x7fdb30008000 (9 bytes)
1657806535.040750 sending message 112 to peer 0x7fdb30008000 (16 bytes)
1657806535.040759 sending message 112 to peer 0x7fdb30008000 (13 bytes)
1657806535.040768 sending message 112 to peer 0x7fdb30008000 (9 bytes)
1657806535.040777 sending message 112 to peer 0x7fdb30008000 (9 bytes)
1657806535.040786 sending message 112 to peer 0x7fdb30008000 (12 bytes)
1657806535.040795 sending message 112 to peer 0x7fdb30008000 (8 bytes)
1657806535.040803 sending message 112 to peer 0x7fdb30008000 (8 bytes)
1657806535.040812 sending message 112 to peer 0x7fdb30008000 (13 bytes)
1657806535.040821 sending message 112 to peer 0x7fdb30008000 (7 bytes)
1657806535.040830 sending message 112 to peer 0x7fdb30008000 (7 bytes)
1657806535.040839 sending message 112 to peer 0x7fdb30008000 (9 bytes)
1657806535.040848 sending message 112 to peer 0x7fdb30008000 (9 bytes)
1657806535.040857 sending message 112 to peer 0x7fdb30008000 (15 bytes)
1657806535.040866 sending message 112 to peer 0x7fdb30008000 (13 bytes)
1657806535.040875 sending message 112 to peer 0x7fdb30008000 (12 bytes)
1657806535.040884 sending message 112 to peer 0x7fdb30008000 (8 bytes)
1657806535.040893 sending message 112 to peer 0x7fdb30008000 (14 bytes)
1657806535.040901 sending message 112 to peer 0x7fdb30008000 (11 bytes)
1657806535.040910 sending message 112 to peer 0x7fdb30008000 (9 bytes)
1657806535.040919 sending message 112 to peer 0x7fdb30008000 (10 bytes)
1657806535.040928 sending message 112 to peer 0x7fdb30008000 (10 bytes)
1657806535.040937 sending message 112 to peer 0x7fdb30008000 (10 bytes)
1657806535.040961 sending message 112 to peer 0x7fdb30008000 (10 bytes)
1657806535.040967 sending message 112 to peer 0x7fdb30008000 (11 bytes)
1657806535.040973 sending message 112 to peer 0x7fdb30008000 (12 bytes)
1657806535.040979 sending message 112 to peer 0x7fdb30008000 (12 bytes)
1657806535.040985 sending message 112 to peer 0x7fdb30008000 (12 bytes)
1657806535.040991 sending message 112 to peer 0x7fdb30008000 (12 bytes)
1657806535.041000 sending message 112 to peer 0x7fdb30008000 (12 bytes)
1657806535.041006 sending message 112 to peer 0x7fdb30008000 (11 bytes)
1657806535.041012 sending message 112 to peer 0x7fdb30008000 (11 bytes)
1657806535.041018 sending message 112 to peer 0x7fdb30008000 (12 bytes)
1657806535.041024 sending message 112 to peer 0x7fdb30008000 (12 bytes)
1657806535.041030 sending message 112 to peer 0x7fdb30008000 (12 bytes)
1657806535.041036 sending message 112 to peer 0x7fdb30008000 (12 bytes)
1657806535.041041 sending message 112 to peer 0x7fdb30008000 (12 bytes)
1657806535.041047 sending message 112 to peer 0x7fdb30008000 (9 bytes)
1657806535.041053 sending message 112 to peer 0x7fdb30008000 (12 bytes)
1657806535.041059 sending message 112 to peer 0x7fdb30008000 (13 bytes)
1657806535.041065 sending message 112 to peer 0x7fdb30008000 (13 bytes)
1657806535.041071 sending message 112 to peer 0x7fdb30008000 (13 bytes)
1657806535.041077 sending message 112 to peer 0x7fdb30008000 (13 bytes)
1657806535.041083 sending message 112 to peer 0x7fdb30008000 (13 bytes)
1657806535.041088 sending message 112 to peer 0x7fdb30008000 (8 bytes)
1657806535.041094 sending message 112 to peer 0x7fdb30008000 (11 bytes)
1657806535.041100 sending message 112 to peer 0x7fdb30008000 (11 bytes)
1657806535.041106 sending message 112 to peer 0x7fdb30008000 (11 bytes)
1657806535.041112 sending message 112 to peer 0x7fdb30008000 (12 bytes)
1657806535.041118 sending message 112 to peer 0x7fdb30008000 (12 bytes)
1657806535.041124 sending message 112 to peer 0x7fdb30008000 (12 bytes)
1657806535.041129 sending message 112 to peer 0x7fdb30008000 (12 bytes)
1657806535.041135 sending message 112 to peer 0x7fdb30008000 (13 bytes)
1657806535.041141 sending message 112 to peer 0x7fdb30008000 (13 bytes)
1657806535.041147 sending message 112 to peer 0x7fdb30008000 (13 bytes)
1657806535.041153 sending message 112 to peer 0x7fdb30008000 (8 bytes)
1657806535.041159 sending message 112 to peer 0x7fdb30008000 (13 bytes)
1657806535.041164 sending message 112 to peer 0x7fdb30008000 (13 bytes)
1657806535.041170 sending message 112 to peer 0x7fdb30008000 (13 bytes)
1657806535.041176 sending message 112 to peer 0x7fdb30008000 (13 bytes)
1657806535.041182 sending message 112 to peer 0x7fdb30008000 (13 bytes)
1657806535.041188 sending message 112 to peer 0x7fdb30008000 (12 bytes)
1657806535.041193 sending message 112 to peer 0x7fdb30008000 (12 bytes)
1657806535.041199 sending message 112 to peer 0x7fdb30008000 (12 bytes)
1657806535.041205 sending message 112 to peer 0x7fdb30008000 (12 bytes)
1657806535.041211 sending message 112 to peer 0x7fdb30008000 (13 bytes)
1657806535.041217 sending message 112 to peer 0x7fdb30008000 (8 bytes)
1657806535.041223 sending message 112 to peer 0x7fdb30008000 (13 bytes)
1657806535.041229 sending message 112 to peer 0x7fdb30008000 (13 bytes)
1657806535.041234 sending message 112 to peer 0x7fdb30008000 (13 bytes)
1657806535.041240 sending message 112 to peer 0x7fdb30008000 (13 bytes)
1657806535.041246 sending message 112 to peer 0x7fdb30008000 (13 bytes)
1657806535.041252 sending message 112 to peer 0x7fdb30008000 (13 bytes)
1657806535.041258 sending message 112 to peer 0x7fdb30008000 (13 bytes)
1657806535.041264 sending message 112 to peer 0x7fdb30008000 (12 bytes)
1657806535.041270 sending message 112 to peer 0x7fdb30008000 (12 bytes)
1657806535.041275 sending message 112 to peer 0x7fdb30008000 (12 bytes)
1657806535.041281 sending message 112 to peer 0x7fdb30008000 (8 bytes)
1657806535.041287 sending message 112 to peer 0x7fdb30008000 (12 bytes)
1657806535.041293 sending message 112 to peer 0x7fdb30008000 (13 bytes)
1657806535.041312 sending message 112 to peer 0x7fdb30008000 (13 bytes)
1657806535.041318 sending message 112 to peer 0x7fdb30008000 (13 bytes)
1657806535.041324 sending message 112 to peer 0x7fdb30008000 (13 bytes)
1657806535.041330 sending message 112 to peer 0x7fdb30008000 (13 bytes)
1657806535.041336 sending message 112 to peer 0x7fdb30008000 (13 bytes)
1657806535.041342 sending message 112 to peer 0x7fdb30008000 (13 bytes)
1657806535.041348 sending message 112 to peer 0x7fdb30008000 (13 bytes)
1657806535.041354 sending message 112 to peer 0x7fdb30008000 (12 bytes)
1657806535.041359 sending message 112 to peer 0x7fdb30008000 (10 bytes)
1657806535.041365 sending message 112 to peer 0x7fdb30008000 (12 bytes)
1657806535.041371 sending message 112 to peer 0x7fdb30008000 (12 bytes)
1657806535.041377 sending message 112 to peer 0x7fdb30008000 (12 bytes)
1657806535.041383 sending message 112 to peer 0x7fdb30008000 (13 bytes)
1657806535.041391 sending message 112 to peer 0x7fdb30008000 (13 bytes)
1657806535.041397 sending message 112 to peer 0x7fdb30008000 (13 bytes)
1657806535.041403 sending message 112 to peer 0x7fdb30008000 (13 bytes)
1657806535.041409 sending message 112 to peer 0x7fdb30008000 (13 bytes)
1657806535.041415 sending message 112 to peer 0x7fdb30008000 (13 bytes)
1657806535.041421 sending message 112 to peer 0x7fdb30008000 (13 bytes)
1657806535.041426 sending message 112 to peer 0x7fdb30008000 (10 bytes)
1657806535.041434 sending message 112 to peer 0x7fdb30008000 (13 bytes)
1657806535.041440 sending message 112 to peer 0x7fdb30008000 (12 bytes)
1657806535.041446 sending message 112 to peer 0x7fdb30008000 (12 bytes)
1657806535.041452 sending message 112 to peer 0x7fdb30008000 (12 bytes)
1657806535.041458 sending message 112 to peer 0x7fdb30008000 (10 bytes)
1657806535.041464 sending message 112 to peer 0x7fdb30008000 (10 bytes)
1657806535.041470 sending message 112 to peer 0x7fdb30008000 (10 bytes)
1657806535.041476 sending message 112 to peer 0x7fdb30008000 (12 bytes)
1657806535.041481 sending message 112 to peer 0x7fdb30008000 (13 bytes)
1657806535.041487 sending message 112 to peer 0x7fdb30008000 (13 bytes)
1657806535.041493 sending message 112 to peer 0x7fdb30008000 (13 bytes)
1657806535.041499 sending message 112 to peer 0x7fdb30008000 (13 bytes)
1657806535.041505 sending message 112 to peer 0x7fdb30008000 (13 bytes)
1657806535.041511 sending message 112 to peer 0x7fdb30008000 (10 bytes)
1657806535.041517 sending message 112 to peer 0x7fdb30008000 (11 bytes)
1657806535.041523 sending message 112 to peer 0x7fdb30008000 (12 bytes)
1657806535.041528 sending message 112 to peer 0x7fdb30008000 (12 bytes)
1657806535.041534 sending message 112 to peer 0x7fdb30008000 (12 bytes)
1657806535.041540 sending message 112 to peer 0x7fdb30008000 (12 bytes)
1657806535.041546 sending message 112 to peer 0x7fdb30008000 (12 bytes)
1657806535.041552 sending message 112 to peer 0x7fdb30008000 (11 bytes)
1657806535.041558 sending message 112 to peer 0x7fdb30008000 (12 bytes)
1657806535.041563 sending message 112 to peer 0x7fdb30008000 (12 bytes)
1657806535.041569 sending message 112 to peer 0x7fdb30008000 (13 bytes)
1657806535.041575 sending message 112 to peer 0x7fdb30008000 (13 bytes)
1657806535.041581 sending message 112 to peer 0x7fdb30008000 (13 bytes)
1657806535.041587 sending message 112 to peer 0x7fdb30008000 (13 bytes)
1657806535.041593 sending message 112 to peer 0x7fdb30008000 (13 bytes)
1657806535.041599 sending message 112 to peer 0x7fdb30008000 (10 bytes)
1657806535.041605 sending message 112 to peer 0x7fdb30008000 (9 bytes)
1657806535.041610 sending message 112 to peer 0x7fdb30008000 (12 bytes)
1657806535.041616 sending message 112 to peer 0x7fdb30008000 (13 bytes)
1657806535.041622 sending message 112 to peer 0x7fdb30008000 (13 bytes)
1657806535.041628 sending message 112 to peer 0x7fdb30008000 (13 bytes)
1657806535.041634 sending message 112 to peer 0x7fdb30008000 (13 bytes)
1657806535.041640 sending message 112 to peer 0x7fdb30008000 (13 bytes)
1657806535.041646 sending message 112 to peer 0x7fdb30008000 (9 bytes)
1657806535.041663 sending message 112 to peer 0x7fdb30008000 (12 bytes)
1657806535.041669 sending message 112 to peer 0x7fdb30008000 (13 bytes)
1657806535.041675 sending message 112 to peer 0x7fdb30008000 (13 bytes)
1657806535.041681 sending message 112 to peer 0x7fdb30008000 (13 bytes)
1657806535.041687 sending message 112 to peer 0x7fdb30008000 (13 bytes)
1657806535.041693 sending message 112 to peer 0x7fdb30008000 (13 bytes)
1657806535.041699 sending message 112 to peer 0x7fdb30008000 (11 bytes)
1657806535.041705 sending message 112 to peer 0x7fdb30008000 (12 bytes)
1657806535.041711 sending message 112 to peer 0x7fdb30008000 (13 bytes)
1657806535.041717 sending message 112 to peer 0x7fdb30008000 (13 bytes)
1657806535.041723 sending message 112 to peer 0x7fdb30008000 (13 bytes)
1657806535.041728 sending message 112 to peer 0x7fdb30008000 (13 bytes)
1657806535.041734 sending message 112 to peer 0x7fdb30008000 (13 bytes)
1657806535.041740 sending message 112 to peer 0x7fdb30008000 (11 bytes)
1657806535.041746 sending message 112 to peer 0x7fdb30008000 (12 bytes)
1657806535.041752 sending message 112 to peer 0x7fdb30008000 (12 bytes)
1657806535.041758 sending message 112 to peer 0x7fdb30008000 (12 bytes)
1657806535.041764 sending message 112 to peer 0x7fdb30008000 (12 bytes)
1657806535.041770 sending message 112 to peer 0x7fdb30008000 (12 bytes)
1657806535.041776 sending message 112 to peer 0x7fdb30008000 (21 bytes)
1657806535.041784 sending message 112 to peer 0x7fdb30008000 (12 bytes)
1657806535.041790 sending message 112 to peer 0x7fdb30008000 (9 bytes)
1657806535.041796 sending message 112 to peer 0x7fdb30008000 (6 bytes)
1657806535.041802 sending message 112 to peer 0x7fdb30008000 (13 bytes)
1657806535.041808 sending message 112 to peer 0x7fdb30008000 (10 bytes)
1657806535.041814 sending message 112 to peer 0x7fdb30008000 (24 bytes)
1657806535.041828 sending message 112 to peer 0x7fdb30008000 (13 bytes)
1657806535.041835 sending message 112 to peer 0x7fdb30008000 (9 bytes)
1657806535.041841 sending message 112 to peer 0x7fdb30008000 (70 bytes)
1657806535.041847 sending message 112 to peer 0x7fdb30008000 (69 bytes)
1657806535.041853 sending message 112 to peer 0x7fdb30008000 (12 bytes)
1657806535.041859 sending message 112 to peer 0x7fdb30008000 (10 bytes)
1657806535.041865 sending message 112 to peer 0x7fdb30008000 (10 bytes)
1657806535.041871 sending message 112 to peer 0x7fdb30008000 (24 bytes)
1657806535.041877 sending message 112 to peer 0x7fdb30008000 (13 bytes)
1657806535.041883 sending message 112 to peer 0x7fdb30008000 (10 bytes)
1657806535.041889 sending message 112 to peer 0x7fdb30008000 (10 bytes)
1657806535.041895 sending message 112 to peer 0x7fdb30008000 (10 bytes)
1657806535.041901 sending message 112 to peer 0x7fdb30008000 (13 bytes)
1657806535.041907 sending message 112 to peer 0x7fdb30008000 (15 bytes)
1657806535.041913 sending message 112 to peer 0x7fdb30008000 (5 bytes)
1657806535.041920 sending message 104 to peer 0x7fdb30008000 (0 bytes)
1657806535.041927 sending message 110 to peer 0x7fdb30008000 (0 bytes)
1657806535.041933 sending message 107 to peer 0x7fdb30008000 (4 bytes)
1657806535.041939 sending message 105 to peer 0x7fdb30008000 (60 bytes)
1657806535.041945 sending message 105 to peer 0x7fdb30008000 (66 bytes)
1657806535.041951 sending message 105 to peer 0x7fdb30008000 (27 bytes)
1657806535.041957 sending message 105 to peer 0x7fdb30008000 (15 bytes)
1657806535.041963 sending message 105 to peer 0x7fdb30008000 (22 bytes)
1657806535.041969 sending message 105 to peer 0x7fdb30008000 (14 bytes)
1657806535.041975 sending message 105 to peer 0x7fdb30008000 (17 bytes)
1657806535.041981 sending message 105 to peer 0x7fdb30008000 (58 bytes)
1657806535.041987 sending message 105 to peer 0x7fdb30008000 (15 bytes)
1657806535.041992 sending message 105 to peer 0x7fdb30008000 (43 bytes)
1657806535.041998 sending message 105 to peer 0x7fdb30008000 (24 bytes)
1657806535.042004 sending message 105 to peer 0x7fdb30008000 (28 bytes)
1657806535.042010 sending message 105 to peer 0x7fdb30008000 (23 bytes)
1657806535.042028 sending message 105 to peer 0x7fdb30008000 (211 bytes)
1657806535.042035 sending message 105 to peer 0x7fdb30008000 (19 bytes)
1657806535.042041 sending message 105 to peer 0x7fdb30008000 (20 bytes)
1657806535.042047 sending message 105 to peer 0x7fdb30008000 (22 bytes)
1657806535.042053 sending message 105 to peer 0x7fdb30008000 (20 bytes)
1657806535.042059 sending message 105 to peer 0x7fdb30008000 (22 bytes)
1657806535.042065 sending message 105 to peer 0x7fdb30008000 (57 bytes)
1657806535.042071 sending message 105 to peer 0x7fdb30008000 (15 bytes)
1657806535.042077 sending message 105 to peer 0x7fdb30008000 (19 bytes)
1657806535.042082 sending message 105 to peer 0x7fdb30008000 (18 bytes)
1657806535.042088 sending message 105 to peer 0x7fdb30008000 (54 bytes)
1657806535.042094 sending message 105 to peer 0x7fdb30008000 (32 bytes)
1657806535.042100 sending message 105 to peer 0x7fdb30008000 (61 bytes)
1657806535.042106 sending message 105 to peer 0x7fdb30008000 (8 bytes)
1657806535.042112 sending message 105 to peer 0x7fdb30008000 (52 bytes)
1657806535.042118 sending message 105 to peer 0x7fdb30008000 (88 bytes)
1657806535.042124 sending message 105 to peer 0x7fdb30008000 (27 bytes)
1657806535.042130 sending message 105 to peer 0x7fdb30008000 (25 bytes)
1657806535.042136 sending message 105 to peer 0x7fdb30008000 (22 bytes)
1657806535.042142 sending message 106 to peer 0x7fdb30008000 (0 bytes)
1657806535.042160 sending message 200 to peer 0x7fdb30008000 (4 bytes)
1657806535.042167 client loop enter
1657806535.044798 peer 0x7fdb30008000 message 207
1657806535.044823 sending message 208 to peer 0x7fdb30008000 (0 bytes)
1657806537.449754 peer 0x7fdb30008000 message 203
1657806537.449779 sending message 205 to peer 0x7fdb30008000 (0 bytes)
1657806537.450041 peer 0x7fdb30008000 message 204
1657806537.450057 client loop exit
